<?xml version="1.0" encoding="UTF-8"?>
<testng-results skipped="0" failed="0" ignored="0" total="1" passed="1">
  <reporter-output>
  </reporter-output>
  <suite name="Surefire suite" duration-ms="200" started-at="2019-03-08T23:59:24 IST" finished-at="2019-03-08T23:59:24 IST">
    <groups>
    </groups>
    <test name="Surefire test" duration-ms="200" started-at="2019-03-08T23:59:24 IST" finished-at="2019-03-08T23:59:24 IST">
      <class name="qaclickacademy.SeleniumTest">
        <test-method status="PASS" signature="selenuimTest1()[pri:0, instance:qaclickacademy.SeleniumTest@5034c75a]" name="selenuimTest1" duration-ms="8" started-at="2019-03-08T23:59:24 IST" finished-at="2019-03-08T23:59:24 IST">
          <reporter-output>
          </reporter-output>
        </test-method> <!-- selenuimTest1 -->
      </class> <!-- qaclickacademy.SeleniumTest -->
    </test> <!-- Surefire test -->
  </suite> <!-- Surefire suite -->
</testng-results>
