<?xml version="1.0" encoding="UTF-8"?>
<!-- Generated by org.testng.reporters.JUnitXMLReporter -->
<testsuite hostname="LAPTOP-L5BIJMGE" ignored="0" name="Test" tests="4" failures="0" timestamp="2019-03-09T01:15:32 IST" time="0.1" errors="0">
  <testcase name="selenuimTest1" time="0.0" classname="qaclickacademy.SeleniumTest"/>
  <testcase name="selenuimTest2" time="0.0" classname="qaclickacademy.SeleniumTest"/>
  <testcase name="AppiumTest1" time="0.0" classname="qaclickacademy.AppiunTest"/>
  <testcase name="AppiumTest2" time="0.0" classname="qaclickacademy.AppiunTest"/>
</testsuite> <!-- Test -->
