<?xml version="1.0" encoding="UTF-8"?>
<testng-results skipped="0" failed="0" ignored="0" total="4" passed="4">
  <reporter-output>
  </reporter-output>
  <suite name="Suite" duration-ms="100" started-at="2019-03-09T01:15:32 IST" finished-at="2019-03-09T01:15:32 IST">
    <groups>
    </groups>
    <test name="Test" duration-ms="100" started-at="2019-03-09T01:15:32 IST" finished-at="2019-03-09T01:15:32 IST">
      <class name="qaclickacademy.AppiunTest">
        <test-method status="PASS" signature="AppiumTest1()[pri:0, instance:qaclickacademy.AppiunTest@4f933fd1]" name="AppiumTest1" duration-ms="0" started-at="2019-03-09T01:15:32 IST" finished-at="2019-03-09T01:15:32 IST">
          <reporter-output>
          </reporter-output>
        </test-method> <!-- AppiumTest1 -->
        <test-method status="PASS" signature="AppiumTest2()[pri:0, instance:qaclickacademy.AppiunTest@4f933fd1]" name="AppiumTest2" duration-ms="0" started-at="2019-03-09T01:15:32 IST" finished-at="2019-03-09T01:15:32 IST">
          <reporter-output>
          </reporter-output>
        </test-method> <!-- AppiumTest2 -->
      </class> <!-- qaclickacademy.AppiunTest -->
      <class name="qaclickacademy.SeleniumTest">
        <test-method status="PASS" signature="selenuimTest3()[pri:0, instance:qaclickacademy.SeleniumTest@d2cc05a]" name="selenuimTest3" is-config="true" duration-ms="48" started-at="2019-03-09T01:15:32 IST" finished-at="2019-03-09T01:15:32 IST">
          <reporter-output>
          </reporter-output>
        </test-method> <!-- selenuimTest3 -->
        <test-method status="PASS" signature="selenuimTest1()[pri:0, instance:qaclickacademy.SeleniumTest@d2cc05a]" name="selenuimTest1" duration-ms="0" started-at="2019-03-09T01:15:32 IST" finished-at="2019-03-09T01:15:32 IST">
          <reporter-output>
          </reporter-output>
        </test-method> <!-- selenuimTest1 -->
        <test-method status="PASS" signature="selenuimTest2()[pri:0, instance:qaclickacademy.SeleniumTest@d2cc05a]" name="selenuimTest2" duration-ms="0" started-at="2019-03-09T01:15:32 IST" finished-at="2019-03-09T01:15:32 IST">
          <reporter-output>
          </reporter-output>
        </test-method> <!-- selenuimTest2 -->
      </class> <!-- qaclickacademy.SeleniumTest -->
    </test> <!-- Test -->
  </suite> <!-- Suite -->
</testng-results>
